<?xml version="1.0" encoding="UTF-8" ?>
<testsuite errors="0" failures="0" hostname="scsbwin-353637" name="com.loneninja.geo.GeoLocateTest" skipped="0" tests="4" time="1.858" timestamp="2015-08-28T00:10:20">
  <properties>
[...]
</properties>
  <testcase classname="com.loneninja.geo.GeoLocateTest" name="testFetchLatLong_invalid" time="1.597" />
  <testcase classname="com.loneninja.geo.GeoLocateTest" name="testFetchLatLong_empty" time="0.03" />
  <testcase classname="com.loneninja.geo.GeoLocateTest" name="testFetchLatLong_valid" time="0.042" />
  <testcase classname="com.loneninja.geo.GeoLocateTest" name="testFetchLatLong_null" time="0.042" />
  <system-out><![CDATA[]]></system-out>
  <system-err><![CDATA[]]></system-err>
</testsuite>
